c:\courseproject\lnz-2018\lnz-2018\debug\lnz-2018.pch
c:\courseproject\lnz-2018\lnz-2018\debug\vc141.pdb
c:\courseproject\lnz-2018\lnz-2018\debug\vc141.idb
c:\courseproject\lnz-2018\lnz-2018\debug\codegenerator.obj
c:\courseproject\lnz-2018\lnz-2018\debug\errors.obj
c:\courseproject\lnz-2018\lnz-2018\debug\fst.obj
c:\courseproject\lnz-2018\lnz-2018\debug\grb.obj
c:\courseproject\lnz-2018\lnz-2018\debug\in.obj
c:\courseproject\lnz-2018\lnz-2018\debug\it.obj
c:\courseproject\lnz-2018\lnz-2018\debug\lexanalyse.obj
c:\courseproject\lnz-2018\lnz-2018\debug\lnz-2018.obj
c:\courseproject\lnz-2018\lnz-2018\debug\log.obj
c:\courseproject\lnz-2018\lnz-2018\debug\lt.obj
c:\courseproject\lnz-2018\lnz-2018\debug\mfst.obj
c:\courseproject\lnz-2018\lnz-2018\debug\parm.obj
c:\courseproject\lnz-2018\lnz-2018\debug\polishnotation.obj
c:\courseproject\lnz-2018\lnz-2018\debug\semanalyse.obj
c:\courseproject\lnz-2018\lnz-2018\debug\stdafx.obj
c:\courseproject\lnz-2018\debug\lnz-2018.ilk
c:\courseproject\lnz-2018\debug\lnz-2018.exe
c:\courseproject\lnz-2018\debug\lnz-2018.pdb
c:\courseproject\lnz-2018\lnz-2018\debug\lnz-2018.tlog\cl.command.1.tlog
c:\courseproject\lnz-2018\lnz-2018\debug\lnz-2018.tlog\cl.read.1.tlog
c:\courseproject\lnz-2018\lnz-2018\debug\lnz-2018.tlog\cl.write.1.tlog
c:\courseproject\lnz-2018\lnz-2018\debug\lnz-2018.tlog\link.command.1.tlog
c:\courseproject\lnz-2018\lnz-2018\debug\lnz-2018.tlog\link.read.1.tlog
c:\courseproject\lnz-2018\lnz-2018\debug\lnz-2018.tlog\link.write.1.tlog
